<?xml version="1.0" encoding="UTF-8"?>
<testng-results skipped="0" failed="1" ignored="0" total="7" passed="6">
  <reporter-output>
  </reporter-output>
  <suite name="SauceAutomationTestSuite" duration-ms="49367" started-at="2020-07-22T00:56:47Z" finished-at="2020-07-22T00:57:37Z">
    <groups>
    </groups>
    <test name="Test" duration-ms="49367" started-at="2020-07-22T00:56:47Z" finished-at="2020-07-22T00:57:37Z">
      <class name="tests.ProductPageTests">
        <test-method status="PASS" signature="setUp()[pri:0, instance:tests.ProductPageTests@6c80d78a]" name="setUp" is-config="true" duration-ms="5353" started-at="2020-07-21T20:56:56Z" finished-at="2020-07-21T20:57:02Z">
          <reporter-output>
          </reporter-output>
        </test-method> <!-- setUp -->
        <test-method status="PASS" signature="validateProductPage()[pri:1, instance:tests.ProductPageTests@6c80d78a]" name="validateProductPage" duration-ms="40" started-at="2020-07-21T20:57:02Z" finished-at="2020-07-21T20:57:02Z">
          <reporter-output>
          </reporter-output>
        </test-method> <!-- validateProductPage -->
        <test-method status="PASS" signature="tearDown()[pri:0, instance:tests.ProductPageTests@6c80d78a]" name="tearDown" is-config="true" duration-ms="1253" started-at="2020-07-21T20:57:02Z" finished-at="2020-07-21T20:57:03Z">
          <reporter-output>
          </reporter-output>
        </test-method> <!-- tearDown -->
        <test-method status="PASS" signature="setUp()[pri:0, instance:tests.ProductPageTests@6c80d78a]" name="setUp" is-config="true" duration-ms="5335" started-at="2020-07-21T20:57:10Z" finished-at="2020-07-21T20:57:15Z">
          <reporter-output>
          </reporter-output>
        </test-method> <!-- setUp -->
        <test-method status="PASS" signature="clickOnProduct()[pri:2, instance:tests.ProductPageTests@6c80d78a]" name="clickOnProduct" duration-ms="309" started-at="2020-07-21T20:57:15Z" finished-at="2020-07-21T20:57:16Z">
          <reporter-output>
          </reporter-output>
        </test-method> <!-- clickOnProduct -->
        <test-method status="PASS" signature="tearDown()[pri:0, instance:tests.ProductPageTests@6c80d78a]" name="tearDown" is-config="true" duration-ms="1336" started-at="2020-07-21T20:57:16Z" finished-at="2020-07-21T20:57:17Z">
          <reporter-output>
          </reporter-output>
        </test-method> <!-- tearDown -->
        <test-method status="PASS" signature="setUp()[pri:0, instance:tests.ProductPageTests@6c80d78a]" name="setUp" is-config="true" duration-ms="5006" started-at="2020-07-21T20:57:24Z" finished-at="2020-07-21T20:57:29Z">
          <reporter-output>
          </reporter-output>
        </test-method> <!-- setUp -->
        <test-method status="PASS" signature="sortByPriceLowToHigh()[pri:3, instance:tests.ProductPageTests@6c80d78a]" name="sortByPriceLowToHigh" duration-ms="340" started-at="2020-07-21T20:57:29Z" finished-at="2020-07-21T20:57:29Z">
          <reporter-output>
          </reporter-output>
        </test-method> <!-- sortByPriceLowToHigh -->
        <test-method status="PASS" signature="tearDown()[pri:0, instance:tests.ProductPageTests@6c80d78a]" name="tearDown" is-config="true" duration-ms="1175" started-at="2020-07-21T20:57:29Z" finished-at="2020-07-21T20:57:30Z">
          <reporter-output>
          </reporter-output>
        </test-method> <!-- tearDown -->
      </class> <!-- tests.ProductPageTests -->
      <class name="tests.LoginPageTests">
        <test-method status="PASS" signature="setUp()[pri:0, instance:tests.LoginPageTests@52e6fdee]" name="setUp" is-config="true" duration-ms="7435" started-at="2020-07-21T20:56:47Z" finished-at="2020-07-21T20:56:55Z">
          <reporter-output>
          </reporter-output>
        </test-method> <!-- setUp -->
        <test-method status="PASS" signature="loginPageValidationTest()[pri:1, instance:tests.LoginPageTests@52e6fdee]" name="loginPageValidationTest" duration-ms="165" started-at="2020-07-21T20:56:55Z" finished-at="2020-07-21T20:56:55Z">
          <reporter-output>
          </reporter-output>
        </test-method> <!-- loginPageValidationTest -->
        <test-method status="PASS" signature="tearDown()[pri:0, instance:tests.LoginPageTests@52e6fdee]" name="tearDown" is-config="true" duration-ms="1457" started-at="2020-07-21T20:56:55Z" finished-at="2020-07-21T20:56:56Z">
          <reporter-output>
          </reporter-output>
        </test-method> <!-- tearDown -->
        <test-method status="PASS" signature="setUp()[pri:0, instance:tests.LoginPageTests@52e6fdee]" name="setUp" is-config="true" duration-ms="4674" started-at="2020-07-21T20:57:03Z" finished-at="2020-07-21T20:57:08Z">
          <reporter-output>
          </reporter-output>
        </test-method> <!-- setUp -->
        <test-method status="PASS" signature="loginAsStandardUser()[pri:2, instance:tests.LoginPageTests@52e6fdee]" name="loginAsStandardUser" duration-ms="831" started-at="2020-07-21T20:57:08Z" finished-at="2020-07-21T20:57:09Z">
          <reporter-output>
          </reporter-output>
        </test-method> <!-- loginAsStandardUser -->
        <test-method status="PASS" signature="tearDown()[pri:0, instance:tests.LoginPageTests@52e6fdee]" name="tearDown" is-config="true" duration-ms="1383" started-at="2020-07-21T20:57:09Z" finished-at="2020-07-21T20:57:10Z">
          <reporter-output>
          </reporter-output>
        </test-method> <!-- tearDown -->
        <test-method status="PASS" signature="setUp()[pri:0, instance:tests.LoginPageTests@52e6fdee]" name="setUp" is-config="true" duration-ms="5022" started-at="2020-07-21T20:57:17Z" finished-at="2020-07-21T20:57:22Z">
          <reporter-output>
          </reporter-output>
        </test-method> <!-- setUp -->
        <test-method status="FAIL" signature="loginAsLockoutUser()[pri:3, instance:tests.LoginPageTests@52e6fdee]" name="loginAsLockoutUser" duration-ms="439" started-at="2020-07-21T20:57:22Z" finished-at="2020-07-21T20:57:22Z">
          <exception class="java.lang.AssertionError">
            <message>
              <![CDATA[expected [Epic sadface: Sorry, this user has been locked out.] but found [Epic sadface: Username and password do not match any user in this service]]]>
            </message>
            <full-stacktrace>
              <![CDATA[java.lang.AssertionError: expected [Epic sadface: Sorry, this user has been locked out.] but found [Epic sadface: Username and password do not match any user in this service]
	at org.testng.Assert.fail(Assert.java:93)
	at org.testng.Assert.failNotEquals(Assert.java:512)
	at org.testng.Assert.assertEqualsImpl(Assert.java:134)
	at org.testng.Assert.assertEquals(Assert.java:115)
	at org.testng.Assert.assertEquals(Assert.java:189)
	at org.testng.Assert.assertEquals(Assert.java:199)
	at tests.LoginPageTests.loginAsLockoutUser(LoginPageTests.java:53)
	at sun.reflect.NativeMethodAccessorImpl.invoke0(Native Method)
	at sun.reflect.NativeMethodAccessorImpl.invoke(Unknown Source)
	at sun.reflect.DelegatingMethodAccessorImpl.invoke(Unknown Source)
	at java.lang.reflect.Method.invoke(Unknown Source)
	at org.testng.internal.MethodInvocationHelper.invokeMethod(MethodInvocationHelper.java:108)
	at org.testng.internal.Invoker.invokeMethod(Invoker.java:661)
	at org.testng.internal.Invoker.invokeTestMethod(Invoker.java:869)
	at org.testng.internal.Invoker.invokeTestMethods(Invoker.java:1193)
	at org.testng.internal.TestMethodWorker.invokeTestMethods(TestMethodWorker.java:126)
	at org.testng.internal.TestMethodWorker.run(TestMethodWorker.java:109)
	at org.testng.TestRunner.privateRun(TestRunner.java:744)
	at org.testng.TestRunner.run(TestRunner.java:602)
	at org.testng.SuiteRunner.runTest(SuiteRunner.java:380)
	at org.testng.SuiteRunner.runSequentially(SuiteRunner.java:375)
	at org.testng.SuiteRunner.privateRun(SuiteRunner.java:340)
	at org.testng.SuiteRunner.run(SuiteRunner.java:289)
	at org.testng.SuiteRunnerWorker.runSuite(SuiteRunnerWorker.java:52)
	at org.testng.SuiteRunnerWorker.run(SuiteRunnerWorker.java:86)
	at org.testng.TestNG.runSuitesSequentially(TestNG.java:1301)
	at org.testng.TestNG.runSuitesLocally(TestNG.java:1226)
	at org.testng.TestNG.runSuites(TestNG.java:1144)
	at org.testng.TestNG.run(TestNG.java:1115)
	at org.testng.remote.AbstractRemoteTestNG.run(AbstractRemoteTestNG.java:132)
	at org.testng.remote.RemoteTestNG.initAndRun(RemoteTestNG.java:230)
	at org.testng.remote.RemoteTestNG.main(RemoteTestNG.java:76)
]]>
            </full-stacktrace>
          </exception> <!-- java.lang.AssertionError -->
          <reporter-output>
          </reporter-output>
        </test-method> <!-- loginAsLockoutUser -->
        <test-method status="PASS" signature="tearDown()[pri:0, instance:tests.LoginPageTests@52e6fdee]" name="tearDown" is-config="true" duration-ms="1471" started-at="2020-07-21T20:57:22Z" finished-at="2020-07-21T20:57:24Z">
          <reporter-output>
          </reporter-output>
        </test-method> <!-- tearDown -->
        <test-method status="PASS" signature="setUp()[pri:0, instance:tests.LoginPageTests@52e6fdee]" name="setUp" is-config="true" duration-ms="4456" started-at="2020-07-21T20:57:30Z" finished-at="2020-07-21T20:57:35Z">
          <reporter-output>
          </reporter-output>
        </test-method> <!-- setUp -->
        <test-method status="PASS" signature="loginAsInvalidUser()[pri:4, instance:tests.LoginPageTests@52e6fdee]" name="loginAsInvalidUser" duration-ms="421" started-at="2020-07-21T20:57:35Z" finished-at="2020-07-21T20:57:35Z">
          <reporter-output>
          </reporter-output>
        </test-method> <!-- loginAsInvalidUser -->
        <test-method status="PASS" signature="tearDown()[pri:0, instance:tests.LoginPageTests@52e6fdee]" name="tearDown" is-config="true" duration-ms="1413" started-at="2020-07-21T20:57:35Z" finished-at="2020-07-21T20:57:37Z">
          <reporter-output>
          </reporter-output>
        </test-method> <!-- tearDown -->
      </class> <!-- tests.LoginPageTests -->
    </test> <!-- Test -->
  </suite> <!-- SauceAutomationTestSuite -->
</testng-results>
